<?xml version="1.0" encoding="UTF-8"?>
<!-- Generated by org.testng.reporters.JUnitReportReporter -->
<testsuite skipped="0" hostname="DESKTOP-FJN63NP" name="tnp.TutorialsNinjaProject.Login" tests="5" failures="0" timestamp="2023-06-03T15:48:47 IST" time="33.311" errors="0">
  <testcase name="verifyLoginWithValidCredentials" time="9.834" classname="tnp.TutorialsNinjaProject.Login"/>
  <system-out/>
  <testcase name="verifyLoginWithInValidCredentials" time="5.422" classname="tnp.TutorialsNinjaProject.Login"/>
  <system-out/>
  <testcase name="verifyLoginWithInvalidEmailAndValidPassword" time="6.872" classname="tnp.TutorialsNinjaProject.Login"/>
  <system-out/>
  <testcase name="verifyLoginWithValidEmailAndInvalidPassword" time="5.556" classname="tnp.TutorialsNinjaProject.Login"/>
  <system-out/>
  <testcase name="verifyLoginWithoutCredentials" time="5.627" classname="tnp.TutorialsNinjaProject.Login"/>
  <system-out/>
</testsuite> <!-- tnp.TutorialsNinjaProject.Login -->
