<?xml version="1.0" encoding="UTF-8"?>
<!-- Generated by org.testng.reporters.JUnitReportReporter -->
<testsuite skipped="0" hostname="DESKTOP-FJN63NP" name="tnp.TutorialsNinjaProject.Register" tests="4" failures="0" timestamp="2023-06-03T15:48:47 IST" time="35.246" errors="0">
  <testcase name="verifyRegisteringAndAccountWithMandtoryField" time="8.242" classname="tnp.TutorialsNinjaProject.Register"/>
  <system-out/>
  <testcase name="verifyRegisteringAccountByProvidingAllFileds" time="6.928" classname="tnp.TutorialsNinjaProject.Register"/>
  <system-out/>
  <testcase name="verifyRegisteringAccountWithExistingEmailAddress" time="14.445" classname="tnp.TutorialsNinjaProject.Register"/>
  <system-out/>
  <testcase name="verifyRegisteringAccountWithoutFillingAnyDetails" time="5.631" classname="tnp.TutorialsNinjaProject.Register"/>
  <system-out/>
</testsuite> <!-- tnp.TutorialsNinjaProject.Register -->
