<?xml version="1.0" encoding="UTF-8"?>
<!-- Generated by org.testng.reporters.JUnitReportReporter -->
<testsuite skipped="0" hostname="DESKTOP-FJN63NP" name="tnp.TutorialsNinjaProject.Login" tests="5" failures="0" timestamp="2023-06-05T10:28:47 IST" time="30.503" errors="0">
  <testcase name="verifyLoginWithValidCredentials" time="5.545" classname="tnp.TutorialsNinjaProject.Login"/>
  <system-out/>
  <testcase name="verifyLoginWithInValidCredentials" time="6.325" classname="tnp.TutorialsNinjaProject.Login"/>
  <system-out/>
  <testcase name="verifyLoginWithInvalidEmailAndValidPassword" time="8.290" classname="tnp.TutorialsNinjaProject.Login"/>
  <system-out/>
  <testcase name="verifyLoginWithValidEmailAndInvalidPassword" time="5.423" classname="tnp.TutorialsNinjaProject.Login"/>
  <system-out/>
  <testcase name="verifyLoginWithoutCredentials" time="4.920" classname="tnp.TutorialsNinjaProject.Login"/>
  <system-out/>
</testsuite> <!-- tnp.TutorialsNinjaProject.Login -->
