<?xml version="1.0" encoding="UTF-8"?>
<!-- Generated by org.testng.reporters.JUnitReportReporter -->
<testsuite skipped="0" hostname="DESKTOP-FJN63NP" name="tnp.TutorialsNinjaProject.Register" tests="4" failures="0" timestamp="2023-06-05T10:21:15 IST" time="30.532" errors="0">
  <testcase name="verifyRegisteringAndAccountWithMandtoryField" time="7.284" classname="tnp.TutorialsNinjaProject.Register"/>
  <system-out/>
  <testcase name="verifyRegisteringAccountByProvidingAllFileds" time="6.640" classname="tnp.TutorialsNinjaProject.Register"/>
  <system-out/>
  <testcase name="verifyRegisteringAccountWithExistingEmailAddress" time="10.634" classname="tnp.TutorialsNinjaProject.Register"/>
  <system-out/>
  <testcase name="verifyRegisteringAccountWithoutFillingAnyDetails" time="5.974" classname="tnp.TutorialsNinjaProject.Register"/>
  <system-out/>
</testsuite> <!-- tnp.TutorialsNinjaProject.Register -->
