<?xml version="1.0" encoding="UTF-8"?>
<!-- Generated by org.testng.reporters.JUnitReportReporter -->
<testsuite skipped="0" hostname="DESKTOP-FJN63NP" name="tnp.TutorialsNinjaProject.Search" tests="3" failures="0" timestamp="2023-06-03T15:48:47 IST" time="15.827" errors="0">
  <testcase name="verifySearchWithValidProduct" time="5.685" classname="tnp.TutorialsNinjaProject.Search"/>
  <system-out/>
  <testcase name="verifySearchWithInvalidProduct" time="5.347" classname="tnp.TutorialsNinjaProject.Search"/>
  <system-out/>
  <testcase name="verifySearchWithoutAnyProduct" time="4.795" classname="tnp.TutorialsNinjaProject.Search"/>
  <system-out/>
</testsuite> <!-- tnp.TutorialsNinjaProject.Search -->
