<?xml version="1.0" encoding="UTF-8"?>
<!-- Generated by org.testng.reporters.JUnitReportReporter -->
<testsuite skipped="0" hostname="DESKTOP-FJN63NP" name="tnp.TutorialsNinjaProject.Search" tests="3" failures="0" timestamp="2023-06-05T10:17:37 IST" time="23.893" errors="0">
  <testcase name="verifySearchWithValidProduct" time="6.377" classname="tnp.TutorialsNinjaProject.Search"/>
  <system-out/>
  <testcase name="verifySearchWithInvalidProduct" time="4.705" classname="tnp.TutorialsNinjaProject.Search"/>
  <system-out/>
  <testcase name="verifySearchWithoutAnyProduct" time="12.811" classname="tnp.TutorialsNinjaProject.Search"/>
  <system-out/>
</testsuite> <!-- tnp.TutorialsNinjaProject.Search -->
